2018-07-16 14:55:28,324   INFO [CommonPageParser.java:65] - 生成文件：F:\msworkspace\tools\generateTool\trunk\src\main\java\com\minshengec\magic\api\entity\XxOrderEntity.java
2018-07-16 14:55:28,339   INFO [CommonPageParser.java:65] - 生成文件：F:\msworkspace\tools\generateTool\trunk\src\main\java\com\minshengec\magic\api\mapper\XxOrderMapper.java
2018-07-16 14:55:28,342   INFO [CommonPageParser.java:65] - 生成文件：F:\msworkspace\tools\generateTool\trunk\src\main\java\com\minshengec\magic\api\service\XxOrderService.java
2018-07-16 14:55:28,347   INFO [CommonPageParser.java:65] - 生成文件：F:\msworkspace\tools\generateTool\trunk\src\main\java\com\minshengec\magic\api\service\impl\XxOrderServiceImpl.java
2018-07-16 14:55:28,394   INFO [CommonPageParser.java:65] - 生成文件：F:\msworkspace\tools\generateTool\trunk\src\main\java\com\minshengec\magic\api\mapper\XxOrderMapper.xml
2018-07-16 14:55:28,394   INFO [CodeGenerateFactory.java:89] - ----------------------------代码生成完毕---------------------------
2018-07-16 14:56:47,736   INFO [CommonPageParser.java:65] - 生成文件：F:\msworkspace\tools\generateTool\trunk\src\main\java\com\minshengec\magic\api\entity\MsdsCashAppointmentOrderEntity.java
2018-07-16 14:56:47,743   INFO [CommonPageParser.java:65] - 生成文件：F:\msworkspace\tools\generateTool\trunk\src\main\java\com\minshengec\magic\api\mapper\MsdsCashAppointmentOrderMapper.java
2018-07-16 14:56:47,747   INFO [CommonPageParser.java:65] - 生成文件：F:\msworkspace\tools\generateTool\trunk\src\main\java\com\minshengec\magic\api\service\MsdsCashAppointmentOrderService.java
2018-07-16 14:56:47,754   INFO [CommonPageParser.java:65] - 生成文件：F:\msworkspace\tools\generateTool\trunk\src\main\java\com\minshengec\magic\api\service\impl\MsdsCashAppointmentOrderServiceImpl.java
2018-07-16 14:56:47,784   INFO [CommonPageParser.java:65] - 生成文件：F:\msworkspace\tools\generateTool\trunk\src\main\java\com\minshengec\magic\api\mapper\MsdsCashAppointmentOrderMapper.xml
2018-07-16 14:56:47,784   INFO [CodeGenerateFactory.java:89] - ----------------------------代码生成完毕---------------------------
2018-07-17 09:30:01,139   INFO [CommonPageParser.java:65] - 生成文件：F:\msworkspace\tools\generateTool\trunk\src\main\java\com\minshengec\magic\api\entity\MsdsBoonEntity.java
2018-07-17 09:30:01,165   INFO [CommonPageParser.java:65] - 生成文件：F:\msworkspace\tools\generateTool\trunk\src\main\java\com\minshengec\magic\api\mapper\MsdsBoonMapper.java
2018-07-17 09:30:01,170   INFO [CommonPageParser.java:65] - 生成文件：F:\msworkspace\tools\generateTool\trunk\src\main\java\com\minshengec\magic\api\service\MsdsBoonService.java
2018-07-17 09:30:01,174   INFO [CommonPageParser.java:65] - 生成文件：F:\msworkspace\tools\generateTool\trunk\src\main\java\com\minshengec\magic\api\service\impl\MsdsBoonServiceImpl.java
2018-07-17 09:30:01,218   INFO [CommonPageParser.java:65] - 生成文件：F:\msworkspace\tools\generateTool\trunk\src\main\java\com\minshengec\magic\api\mapper\MsdsBoonMapper.xml
2018-07-17 09:30:01,218   INFO [CodeGenerateFactory.java:89] - ----------------------------代码生成完毕---------------------------
2018-07-18 14:58:12,384   INFO [CommonPageParser.java:65] - 生成文件：F:\msworkspace\tools\generateTool\trunk\src\main\java\com\minshengec\magic\api\entity\MsdsBoonOperLogEntity.java
2018-07-18 14:58:12,445   INFO [CommonPageParser.java:65] - 生成文件：F:\msworkspace\tools\generateTool\trunk\src\main\java\com\minshengec\magic\api\mapper\MsdsBoonOperLogMapper.java
2018-07-18 14:58:12,472   INFO [CommonPageParser.java:65] - 生成文件：F:\msworkspace\tools\generateTool\trunk\src\main\java\com\minshengec\magic\api\service\MsdsBoonOperLogService.java
2018-07-18 14:58:12,477   INFO [CommonPageParser.java:65] - 生成文件：F:\msworkspace\tools\generateTool\trunk\src\main\java\com\minshengec\magic\api\service\impl\MsdsBoonOperLogServiceImpl.java
2018-07-18 14:58:12,756   INFO [CommonPageParser.java:65] - 生成文件：F:\msworkspace\tools\generateTool\trunk\src\main\java\com\minshengec\magic\api\mapper\MsdsBoonOperLogMapper.xml
2018-07-18 14:58:12,757   INFO [CodeGenerateFactory.java:89] - ----------------------------代码生成完毕---------------------------
2018-07-20 14:24:57,153   INFO [CommonPageParser.java:65] - 生成文件：F:\msworkspace\tools\generateTool\trunk\src\main\java\com\minshengec\magic\api\entity\MsdsCashAppointmentBillEntity.java
2018-07-20 14:24:57,196   INFO [CommonPageParser.java:65] - 生成文件：F:\msworkspace\tools\generateTool\trunk\src\main\java\com\minshengec\magic\api\mapper\MsdsCashAppointmentBillMapper.java
2018-07-20 14:24:57,199   INFO [CommonPageParser.java:65] - 生成文件：F:\msworkspace\tools\generateTool\trunk\src\main\java\com\minshengec\magic\api\service\MsdsCashAppointmentBillService.java
2018-07-20 14:24:57,203   INFO [CommonPageParser.java:65] - 生成文件：F:\msworkspace\tools\generateTool\trunk\src\main\java\com\minshengec\magic\api\service\impl\MsdsCashAppointmentBillServiceImpl.java
2018-07-20 14:24:57,257   INFO [CommonPageParser.java:65] - 生成文件：F:\msworkspace\tools\generateTool\trunk\src\main\java\com\minshengec\magic\api\mapper\MsdsCashAppointmentBillMapper.xml
2018-07-20 14:24:57,257   INFO [CodeGenerateFactory.java:89] - ----------------------------代码生成完毕---------------------------
2018-07-27 10:11:45,053   INFO [CommonPageParser.java:65] - 生成文件：F:\msworkspace\tools\generateTool\trunk\src\main\java\com\minshengec\magic\api\entity\MsdsCashBoonOrderEntity.java
2018-07-27 10:11:45,099   INFO [CommonPageParser.java:65] - 生成文件：F:\msworkspace\tools\generateTool\trunk\src\main\java\com\minshengec\magic\api\mapper\MsdsCashBoonOrderMapper.java
2018-07-27 10:11:45,104   INFO [CommonPageParser.java:65] - 生成文件：F:\msworkspace\tools\generateTool\trunk\src\main\java\com\minshengec\magic\api\service\MsdsCashBoonOrderService.java
2018-07-27 10:11:45,143   INFO [CommonPageParser.java:65] - 生成文件：F:\msworkspace\tools\generateTool\trunk\src\main\java\com\minshengec\magic\api\service\impl\MsdsCashBoonOrderServiceImpl.java
2018-07-27 10:11:45,212   INFO [CommonPageParser.java:65] - 生成文件：F:\msworkspace\tools\generateTool\trunk\src\main\java\com\minshengec\magic\api\mapper\MsdsCashBoonOrderMapper.xml
2018-07-27 10:11:45,213   INFO [CodeGenerateFactory.java:89] - ----------------------------代码生成完毕---------------------------
2018-08-03 10:52:31,918   INFO [CommonPageParser.java:65] - 生成文件：F:\msworkspace\tools\generateTool\trunk\src\main\java\com\minshengec\magic\api\entity\PurchaseCompanyEntity.java
2018-08-03 10:52:31,946   INFO [CommonPageParser.java:65] - 生成文件：F:\msworkspace\tools\generateTool\trunk\src\main\java\com\minshengec\magic\api\mapper\PurchaseCompanyMapper.java
2018-08-03 10:52:31,952   INFO [CommonPageParser.java:65] - 生成文件：F:\msworkspace\tools\generateTool\trunk\src\main\java\com\minshengec\magic\api\service\PurchaseCompanyService.java
2018-08-03 10:52:31,958   INFO [CommonPageParser.java:65] - 生成文件：F:\msworkspace\tools\generateTool\trunk\src\main\java\com\minshengec\magic\api\service\impl\PurchaseCompanyServiceImpl.java
2018-08-03 10:52:31,996   INFO [CommonPageParser.java:65] - 生成文件：F:\msworkspace\tools\generateTool\trunk\src\main\java\com\minshengec\magic\api\mapper\PurchaseCompanyMapper.xml
2018-08-03 10:52:31,996   INFO [CodeGenerateFactory.java:89] - ----------------------------代码生成完毕---------------------------
2018-08-03 11:02:40,264   INFO [CommonPageParser.java:65] - 生成文件：F:\msworkspace\tools\generateTool\trunk\src\main\java\com\minshengec\magic\api\entity\PurchaseOrganizationEntity.java
2018-08-03 11:02:40,271   INFO [CommonPageParser.java:65] - 生成文件：F:\msworkspace\tools\generateTool\trunk\src\main\java\com\minshengec\magic\api\mapper\PurchaseOrganizationMapper.java
2018-08-03 11:02:40,275   INFO [CommonPageParser.java:65] - 生成文件：F:\msworkspace\tools\generateTool\trunk\src\main\java\com\minshengec\magic\api\service\PurchaseOrganizationService.java
2018-08-03 11:02:40,280   INFO [CommonPageParser.java:65] - 生成文件：F:\msworkspace\tools\generateTool\trunk\src\main\java\com\minshengec\magic\api\service\impl\PurchaseOrganizationServiceImpl.java
2018-08-03 11:02:40,327   INFO [CommonPageParser.java:65] - 生成文件：F:\msworkspace\tools\generateTool\trunk\src\main\java\com\minshengec\magic\api\mapper\PurchaseOrganizationMapper.xml
2018-08-03 11:02:40,327   INFO [CodeGenerateFactory.java:89] - ----------------------------代码生成完毕---------------------------
2018-08-06 16:47:12,232   INFO [CommonPageParser.java:65] - 生成文件：F:\msworkspace\tools\generateTool\trunk\src\main\java\com\minshengec\magic\api\entity\PurchaseOrganizationEntity.java
2018-08-06 16:47:12,241   INFO [CommonPageParser.java:65] - 生成文件：F:\msworkspace\tools\generateTool\trunk\src\main\java\com\minshengec\magic\api\mapper\PurchaseOrganizationMapper.java
2018-08-06 16:47:12,246   INFO [CommonPageParser.java:65] - 生成文件：F:\msworkspace\tools\generateTool\trunk\src\main\java\com\minshengec\magic\api\service\PurchaseOrganizationService.java
2018-08-06 16:47:12,259   INFO [CommonPageParser.java:65] - 生成文件：F:\msworkspace\tools\generateTool\trunk\src\main\java\com\minshengec\magic\api\service\impl\PurchaseOrganizationServiceImpl.java
2018-08-06 16:47:12,296   INFO [CommonPageParser.java:65] - 生成文件：F:\msworkspace\tools\generateTool\trunk\src\main\java\com\minshengec\magic\api\mapper\PurchaseOrganizationMapper.xml
2018-08-06 16:47:12,297   INFO [CodeGenerateFactory.java:89] - ----------------------------代码生成完毕---------------------------
2018-08-07 14:06:51,272   INFO [CommonPageParser.java:65] - 生成文件：F:\msworkspace\tools\generateTool\trunk\src\main\java\com\minshengec\magic\api\entity\PurchaseCompanyEntity.java
2018-08-07 14:06:51,296   INFO [CommonPageParser.java:65] - 生成文件：F:\msworkspace\tools\generateTool\trunk\src\main\java\com\minshengec\magic\api\mapper\PurchaseCompanyMapper.java
2018-08-07 14:06:51,302   INFO [CommonPageParser.java:65] - 生成文件：F:\msworkspace\tools\generateTool\trunk\src\main\java\com\minshengec\magic\api\service\PurchaseCompanyService.java
2018-08-07 14:06:51,309   INFO [CommonPageParser.java:65] - 生成文件：F:\msworkspace\tools\generateTool\trunk\src\main\java\com\minshengec\magic\api\service\impl\PurchaseCompanyServiceImpl.java
2018-08-07 14:06:51,358   INFO [CommonPageParser.java:65] - 生成文件：F:\msworkspace\tools\generateTool\trunk\src\main\java\com\minshengec\magic\api\mapper\PurchaseCompanyMapper.xml
2018-08-07 14:06:51,358   INFO [CodeGenerateFactory.java:89] - ----------------------------代码生成完毕---------------------------
2018-08-07 14:15:05,999   INFO [CommonPageParser.java:65] - 生成文件：F:\msworkspace\tools\generateTool\trunk\src\main\java\com\minshengec\magic\api\entity\PurchaseOrganizationEntity.java
2018-08-07 14:15:06,010   INFO [CommonPageParser.java:65] - 生成文件：F:\msworkspace\tools\generateTool\trunk\src\main\java\com\minshengec\magic\api\mapper\PurchaseOrganizationMapper.java
2018-08-07 14:15:06,015   INFO [CommonPageParser.java:65] - 生成文件：F:\msworkspace\tools\generateTool\trunk\src\main\java\com\minshengec\magic\api\service\PurchaseOrganizationService.java
2018-08-07 14:15:06,021   INFO [CommonPageParser.java:65] - 生成文件：F:\msworkspace\tools\generateTool\trunk\src\main\java\com\minshengec\magic\api\service\impl\PurchaseOrganizationServiceImpl.java
2018-08-07 14:15:06,048   INFO [CommonPageParser.java:65] - 生成文件：F:\msworkspace\tools\generateTool\trunk\src\main\java\com\minshengec\magic\api\mapper\PurchaseOrganizationMapper.xml
2018-08-07 14:15:06,048   INFO [CodeGenerateFactory.java:89] - ----------------------------代码生成完毕---------------------------
2018-08-07 16:35:02,982   INFO [CommonPageParser.java:65] - 生成文件：F:\msworkspace\tools\generateTool\trunk\src\main\java\com\minshengec\magic\api\entity\MsdsCashRepaymentOrderEntity.java
2018-08-07 16:35:02,991   INFO [CommonPageParser.java:65] - 生成文件：F:\msworkspace\tools\generateTool\trunk\src\main\java\com\minshengec\magic\api\mapper\MsdsCashRepaymentOrderMapper.java
2018-08-07 16:35:02,995   INFO [CommonPageParser.java:65] - 生成文件：F:\msworkspace\tools\generateTool\trunk\src\main\java\com\minshengec\magic\api\service\MsdsCashRepaymentOrderService.java
2018-08-07 16:35:03,001   INFO [CommonPageParser.java:65] - 生成文件：F:\msworkspace\tools\generateTool\trunk\src\main\java\com\minshengec\magic\api\service\impl\MsdsCashRepaymentOrderServiceImpl.java
2018-08-07 16:35:03,029   INFO [CommonPageParser.java:65] - 生成文件：F:\msworkspace\tools\generateTool\trunk\src\main\java\com\minshengec\magic\api\mapper\MsdsCashRepaymentOrderMapper.xml
2018-08-07 16:35:03,029   INFO [CodeGenerateFactory.java:89] - ----------------------------代码生成完毕---------------------------
2018-08-10 11:18:56,495   INFO [CommonPageParser.java:65] - 生成文件：F:\msworkspace\tools\generateTool\trunk\src\main\java\com\minshengec\magic\api\entity\PurchaseProjectOplogEntity.java
2018-08-10 11:18:56,507   INFO [CommonPageParser.java:65] - 生成文件：F:\msworkspace\tools\generateTool\trunk\src\main\java\com\minshengec\magic\api\mapper\PurchaseProjectOplogMapper.java
2018-08-10 11:18:56,522   INFO [CommonPageParser.java:65] - 生成文件：F:\msworkspace\tools\generateTool\trunk\src\main\java\com\minshengec\magic\api\service\PurchaseProjectOplogService.java
2018-08-10 11:18:56,532   INFO [CommonPageParser.java:65] - 生成文件：F:\msworkspace\tools\generateTool\trunk\src\main\java\com\minshengec\magic\api\service\impl\PurchaseProjectOplogServiceImpl.java
2018-08-10 11:18:56,573   INFO [CommonPageParser.java:65] - 生成文件：F:\msworkspace\tools\generateTool\trunk\src\main\java\com\minshengec\magic\api\mapper\PurchaseProjectOplogMapper.xml
2018-08-10 11:18:56,573   INFO [CodeGenerateFactory.java:89] - ----------------------------代码生成完毕---------------------------
2018-08-10 11:22:08,797   INFO [CommonPageParser.java:65] - 生成文件：F:\msworkspace\tools\generateTool\trunk\src\main\java\com\minshengec\magic\api\entity\PurchaseProjectEntity.java
2018-08-10 11:22:08,804   INFO [CommonPageParser.java:65] - 生成文件：F:\msworkspace\tools\generateTool\trunk\src\main\java\com\minshengec\magic\api\mapper\PurchaseProjectMapper.java
2018-08-10 11:22:08,809   INFO [CommonPageParser.java:65] - 生成文件：F:\msworkspace\tools\generateTool\trunk\src\main\java\com\minshengec\magic\api\service\PurchaseProjectService.java
2018-08-10 11:22:08,814   INFO [CommonPageParser.java:65] - 生成文件：F:\msworkspace\tools\generateTool\trunk\src\main\java\com\minshengec\magic\api\service\impl\PurchaseProjectServiceImpl.java
2018-08-10 11:22:08,842   INFO [CommonPageParser.java:65] - 生成文件：F:\msworkspace\tools\generateTool\trunk\src\main\java\com\minshengec\magic\api\mapper\PurchaseProjectMapper.xml
2018-08-10 11:22:08,842   INFO [CodeGenerateFactory.java:89] - ----------------------------代码生成完毕---------------------------
2018-08-20 09:07:02,632   INFO [CommonPageParser.java:65] - 生成文件：G:\msworkspace\tools\generateTool\trunk\src\main\java\com\minshengec\magic\api\entity\PurchaseProjectProgressEntity.java
2018-08-20 09:07:02,682   INFO [CommonPageParser.java:65] - 生成文件：G:\msworkspace\tools\generateTool\trunk\src\main\java\com\minshengec\magic\api\mapper\PurchaseProjectProgressMapper.java
2018-08-20 09:07:02,687   INFO [CommonPageParser.java:65] - 生成文件：G:\msworkspace\tools\generateTool\trunk\src\main\java\com\minshengec\magic\api\service\PurchaseProjectProgressService.java
2018-08-20 09:07:02,693   INFO [CommonPageParser.java:65] - 生成文件：G:\msworkspace\tools\generateTool\trunk\src\main\java\com\minshengec\magic\api\service\impl\PurchaseProjectProgressServiceImpl.java
2018-08-20 09:07:02,747   INFO [CommonPageParser.java:65] - 生成文件：G:\msworkspace\tools\generateTool\trunk\src\main\java\com\minshengec\magic\api\mapper\PurchaseProjectProgressMapper.xml
2018-08-20 09:07:02,747   INFO [CodeGenerateFactory.java:89] - ----------------------------代码生成完毕---------------------------
2018-08-24 10:53:45,090   INFO [CommonPageParser.java:65] - 生成文件：G:\msworkspace\tools\generateTool\trunk\src\main\java\com\minshengec\magic\api\entity\PurchaseProjectReceiveRecordEntity.java
2018-08-24 10:53:45,100   INFO [CommonPageParser.java:65] - 生成文件：G:\msworkspace\tools\generateTool\trunk\src\main\java\com\minshengec\magic\api\mapper\PurchaseProjectReceiveRecordMapper.java
2018-08-24 10:53:45,125   INFO [CommonPageParser.java:65] - 生成文件：G:\msworkspace\tools\generateTool\trunk\src\main\java\com\minshengec\magic\api\service\PurchaseProjectReceiveRecordService.java
2018-08-24 10:53:45,139   INFO [CommonPageParser.java:65] - 生成文件：G:\msworkspace\tools\generateTool\trunk\src\main\java\com\minshengec\magic\api\service\impl\PurchaseProjectReceiveRecordServiceImpl.java
2018-08-24 10:53:45,168   INFO [CommonPageParser.java:65] - 生成文件：G:\msworkspace\tools\generateTool\trunk\src\main\java\com\minshengec\magic\api\mapper\PurchaseProjectReceiveRecordMapper.xml
2018-08-24 10:53:45,169   INFO [CodeGenerateFactory.java:89] - ----------------------------代码生成完毕---------------------------
2018-08-24 11:01:17,489   INFO [CommonPageParser.java:65] - 生成文件：G:\msworkspace\tools\generateTool\trunk\src\main\java\com\minshengec\magic\api\entity\PurchaseProjectInvoiceRecordEntity.java
2018-08-24 11:01:17,521   INFO [CommonPageParser.java:65] - 生成文件：G:\msworkspace\tools\generateTool\trunk\src\main\java\com\minshengec\magic\api\mapper\PurchaseProjectInvoiceRecordMapper.java
2018-08-24 11:01:17,532   INFO [CommonPageParser.java:65] - 生成文件：G:\msworkspace\tools\generateTool\trunk\src\main\java\com\minshengec\magic\api\service\PurchaseProjectInvoiceRecordService.java
2018-08-24 11:01:17,536   INFO [CommonPageParser.java:65] - 生成文件：G:\msworkspace\tools\generateTool\trunk\src\main\java\com\minshengec\magic\api\service\impl\PurchaseProjectInvoiceRecordServiceImpl.java
2018-08-24 11:01:17,563   INFO [CommonPageParser.java:65] - 生成文件：G:\msworkspace\tools\generateTool\trunk\src\main\java\com\minshengec\magic\api\mapper\PurchaseProjectInvoiceRecordMapper.xml
2018-08-24 11:01:17,564   INFO [CodeGenerateFactory.java:89] - ----------------------------代码生成完毕---------------------------
2018-08-28 11:51:59,853   INFO [CommonPageParser.java:65] - 生成文件：G:\msworkspace\tools\generateTool\trunk\src\main\java\com\msds\purchasing\entity\PurchaseBatchorderItemEntity.java
2018-08-28 11:51:59,862   INFO [CommonPageParser.java:65] - 生成文件：G:\msworkspace\tools\generateTool\trunk\src\main\java\com\msds\purchasing\mapper\PurchaseBatchorderItemMapper.java
2018-08-28 11:51:59,867   INFO [CommonPageParser.java:65] - 生成文件：G:\msworkspace\tools\generateTool\trunk\src\main\java\com\msds\purchasing\service\PurchaseBatchorderItemService.java
2018-08-28 11:51:59,889   INFO [CommonPageParser.java:65] - 生成文件：G:\msworkspace\tools\generateTool\trunk\src\main\java\com\msds\purchasing\service\impl\PurchaseBatchorderItemServiceImpl.java
2018-08-28 11:51:59,925   INFO [CommonPageParser.java:65] - 生成文件：G:\msworkspace\tools\generateTool\trunk\src\main\java\com\msds\purchasing\mapper\PurchaseBatchorderItemMapper.xml
2018-08-28 11:51:59,925   INFO [CodeGenerateFactory.java:89] - ----------------------------代码生成完毕---------------------------
2018-08-29 15:27:09,969   INFO [CommonPageParser.java:65] - 生成文件：G:\msworkspace\tools\generateTool\trunk\src\main\java\com\msds\purchasing\entity\PurchaseBillEntity.java
2018-08-29 15:27:09,983   INFO [CommonPageParser.java:65] - 生成文件：G:\msworkspace\tools\generateTool\trunk\src\main\java\com\msds\purchasing\mapper\PurchaseBillMapper.java
2018-08-29 15:27:09,989   INFO [CommonPageParser.java:65] - 生成文件：G:\msworkspace\tools\generateTool\trunk\src\main\java\com\msds\purchasing\service\PurchaseBillService.java
2018-08-29 15:27:09,999   INFO [CommonPageParser.java:65] - 生成文件：G:\msworkspace\tools\generateTool\trunk\src\main\java\com\msds\purchasing\service\impl\PurchaseBillServiceImpl.java
2018-08-29 15:27:10,052   INFO [CommonPageParser.java:65] - 生成文件：G:\msworkspace\tools\generateTool\trunk\src\main\java\com\msds\purchasing\mapper\PurchaseBillMapper.xml
2018-08-29 15:27:10,053   INFO [CodeGenerateFactory.java:89] - ----------------------------代码生成完毕---------------------------
2018-08-29 15:32:13,713   INFO [CommonPageParser.java:65] - 生成文件：G:\msworkspace\tools\generateTool\trunk\src\main\java\com\msds\purchasing\entity\PurchaseBillItemsEntity.java
2018-08-29 15:32:13,720   INFO [CommonPageParser.java:65] - 生成文件：G:\msworkspace\tools\generateTool\trunk\src\main\java\com\msds\purchasing\mapper\PurchaseBillItemsMapper.java
2018-08-29 15:32:13,725   INFO [CommonPageParser.java:65] - 生成文件：G:\msworkspace\tools\generateTool\trunk\src\main\java\com\msds\purchasing\service\PurchaseBillItemsService.java
2018-08-29 15:32:13,731   INFO [CommonPageParser.java:65] - 生成文件：G:\msworkspace\tools\generateTool\trunk\src\main\java\com\msds\purchasing\service\impl\PurchaseBillItemsServiceImpl.java
2018-08-29 15:32:13,758   INFO [CommonPageParser.java:65] - 生成文件：G:\msworkspace\tools\generateTool\trunk\src\main\java\com\msds\purchasing\mapper\PurchaseBillItemsMapper.xml
2018-08-29 15:32:13,758   INFO [CodeGenerateFactory.java:89] - ----------------------------代码生成完毕---------------------------
2018-08-29 18:53:31,544   INFO [CommonPageParser.java:65] - 生成文件：G:\msworkspace\tools\generateTool\trunk\src\main\java\com\msds\purchasing\entity\PurchaseBillItemsEntity.java
2018-08-29 18:53:31,551   INFO [CommonPageParser.java:65] - 生成文件：G:\msworkspace\tools\generateTool\trunk\src\main\java\com\msds\purchasing\mapper\PurchaseBillItemsMapper.java
2018-08-29 18:53:31,557   INFO [CommonPageParser.java:65] - 生成文件：G:\msworkspace\tools\generateTool\trunk\src\main\java\com\msds\purchasing\service\PurchaseBillItemsService.java
2018-08-29 18:53:31,562   INFO [CommonPageParser.java:65] - 生成文件：G:\msworkspace\tools\generateTool\trunk\src\main\java\com\msds\purchasing\service\impl\PurchaseBillItemsServiceImpl.java
2018-08-29 18:53:31,588   INFO [CommonPageParser.java:65] - 生成文件：G:\msworkspace\tools\generateTool\trunk\src\main\java\com\msds\purchasing\mapper\PurchaseBillItemsMapper.xml
2018-08-29 18:53:31,588   INFO [CodeGenerateFactory.java:89] - ----------------------------代码生成完毕---------------------------
2018-08-31 18:04:37,909   INFO [CommonPageParser.java:65] - 生成文件：G:\msworkspace\tools\generateTool\trunk\src\main\java\com\msds\purchasing\entity\PurchaseBillEntity.java
2018-08-31 18:04:37,917   INFO [CommonPageParser.java:65] - 生成文件：G:\msworkspace\tools\generateTool\trunk\src\main\java\com\msds\purchasing\mapper\PurchaseBillMapper.java
2018-08-31 18:04:37,927   INFO [CommonPageParser.java:65] - 生成文件：G:\msworkspace\tools\generateTool\trunk\src\main\java\com\msds\purchasing\service\PurchaseBillService.java
2018-08-31 18:04:37,946   INFO [CommonPageParser.java:65] - 生成文件：G:\msworkspace\tools\generateTool\trunk\src\main\java\com\msds\purchasing\service\impl\PurchaseBillServiceImpl.java
2018-08-31 18:04:37,986   INFO [CommonPageParser.java:65] - 生成文件：G:\msworkspace\tools\generateTool\trunk\src\main\java\com\msds\purchasing\mapper\PurchaseBillMapper.xml
2018-08-31 18:04:37,987   INFO [CodeGenerateFactory.java:89] - ----------------------------代码生成完毕---------------------------
2018-10-17 15:42:21,203   INFO [CommonPageParser.java:65] - 生成文件：G:\msworkspace\tools\generateTool\trunk\src\main\java\com\msds\purchasing\entity\XxProductEntity.java
2018-10-17 15:42:21,210   INFO [CommonPageParser.java:65] - 生成文件：G:\msworkspace\tools\generateTool\trunk\src\main\java\com\msds\purchasing\mapper\XxProductMapper.java
2018-10-17 15:42:21,215   INFO [CommonPageParser.java:65] - 生成文件：G:\msworkspace\tools\generateTool\trunk\src\main\java\com\msds\purchasing\service\XxProductService.java
2018-10-17 15:42:21,241   INFO [CommonPageParser.java:65] - 生成文件：G:\msworkspace\tools\generateTool\trunk\src\main\java\com\msds\purchasing\service\impl\XxProductServiceImpl.java
2018-10-17 15:42:21,322   INFO [CommonPageParser.java:65] - 生成文件：G:\msworkspace\tools\generateTool\trunk\src\main\java\com\msds\purchasing\mapper\XxProductMapper.xml
2018-10-17 15:42:21,322   INFO [CodeGenerateFactory.java:89] - ----------------------------代码生成完毕---------------------------
2018-10-18 16:00:14,333   INFO [CommonPageParser.java:65] - 生成文件：G:\msworkspace\tools\generateTool\trunk\src\main\java\com\msds\purchasing\entity\MsdsBoonRestrictLogEntity.java
2018-10-18 16:00:14,372   INFO [CommonPageParser.java:65] - 生成文件：G:\msworkspace\tools\generateTool\trunk\src\main\java\com\msds\purchasing\mapper\MsdsBoonRestrictLogMapper.java
2018-10-18 16:00:14,374   INFO [CommonPageParser.java:65] - 生成文件：G:\msworkspace\tools\generateTool\trunk\src\main\java\com\msds\purchasing\service\MsdsBoonRestrictLogService.java
2018-10-18 16:00:14,409   INFO [CommonPageParser.java:65] - 生成文件：G:\msworkspace\tools\generateTool\trunk\src\main\java\com\msds\purchasing\service\impl\MsdsBoonRestrictLogServiceImpl.java
2018-10-18 16:00:14,477   INFO [CommonPageParser.java:65] - 生成文件：G:\msworkspace\tools\generateTool\trunk\src\main\java\com\msds\purchasing\mapper\MsdsBoonRestrictLogMapper.xml
2018-10-18 16:00:14,477   INFO [CodeGenerateFactory.java:89] - ----------------------------代码生成完毕---------------------------
2018-11-05 10:44:38,179   INFO [CommonPageParser.java:65] - 生成文件：G:\msworkspace\tools\generateTool\trunk\src\main\java\com\msds\purchasing\entity\LipinkaEntity.java
2018-11-05 10:44:38,201   INFO [CommonPageParser.java:65] - 生成文件：G:\msworkspace\tools\generateTool\trunk\src\main\java\com\msds\purchasing\mapper\LipinkaMapper.java
2018-11-05 10:44:38,203   INFO [CommonPageParser.java:65] - 生成文件：G:\msworkspace\tools\generateTool\trunk\src\main\java\com\msds\purchasing\service\LipinkaService.java
2018-11-05 10:44:38,207   INFO [CommonPageParser.java:65] - 生成文件：G:\msworkspace\tools\generateTool\trunk\src\main\java\com\msds\purchasing\service\impl\LipinkaServiceImpl.java
2018-11-05 10:44:38,250   INFO [CommonPageParser.java:65] - 生成文件：G:\msworkspace\tools\generateTool\trunk\src\main\java\com\msds\purchasing\mapper\LipinkaMapper.xml
2018-11-05 10:44:38,251   INFO [CodeGenerateFactory.java:89] - ----------------------------代码生成完毕---------------------------
2018-11-05 12:42:12,515   INFO [CommonPageParser.java:65] - 生成文件：G:\msworkspace\tools\generateTool\trunk\src\main\java\com\msds\purchasing\entity\MsdsAccountBalanceLogEntity.java
2018-11-05 12:42:12,522   INFO [CommonPageParser.java:65] - 生成文件：G:\msworkspace\tools\generateTool\trunk\src\main\java\com\msds\purchasing\mapper\MsdsAccountBalanceLogMapper.java
2018-11-05 12:42:12,525   INFO [CommonPageParser.java:65] - 生成文件：G:\msworkspace\tools\generateTool\trunk\src\main\java\com\msds\purchasing\service\MsdsAccountBalanceLogService.java
2018-11-05 12:42:12,531   INFO [CommonPageParser.java:65] - 生成文件：G:\msworkspace\tools\generateTool\trunk\src\main\java\com\msds\purchasing\service\impl\MsdsAccountBalanceLogServiceImpl.java
2018-11-05 12:42:12,563   INFO [CommonPageParser.java:65] - 生成文件：G:\msworkspace\tools\generateTool\trunk\src\main\java\com\msds\purchasing\mapper\MsdsAccountBalanceLogMapper.xml
2018-11-05 12:42:12,563   INFO [CodeGenerateFactory.java:89] - ----------------------------代码生成完毕---------------------------
2018-11-05 16:54:52,029   INFO [CommonPageParser.java:65] - 生成文件：G:\msworkspace\tools\generateTool\trunk\src\main\java\com\msds\purchasing\entity\LipinkaDetailEntity.java
2018-11-05 16:54:52,035   INFO [CommonPageParser.java:65] - 生成文件：G:\msworkspace\tools\generateTool\trunk\src\main\java\com\msds\purchasing\mapper\LipinkaDetailMapper.java
2018-11-05 16:54:52,038   INFO [CommonPageParser.java:65] - 生成文件：G:\msworkspace\tools\generateTool\trunk\src\main\java\com\msds\purchasing\service\LipinkaDetailService.java
2018-11-05 16:54:52,043   INFO [CommonPageParser.java:65] - 生成文件：G:\msworkspace\tools\generateTool\trunk\src\main\java\com\msds\purchasing\service\impl\LipinkaDetailServiceImpl.java
2018-11-05 16:54:52,078   INFO [CommonPageParser.java:65] - 生成文件：G:\msworkspace\tools\generateTool\trunk\src\main\java\com\msds\purchasing\mapper\LipinkaDetailMapper.xml
2018-11-05 16:54:52,078   INFO [CodeGenerateFactory.java:89] - ----------------------------代码生成完毕---------------------------
2018-11-06 11:50:54,297   INFO [CommonPageParser.java:65] - 生成文件：G:\msworkspace\tools\generateTool\trunk\src\main\java\com\msds\purchasing\entity\YouhuiquanEntity.java
2018-11-06 11:50:54,303   INFO [CommonPageParser.java:65] - 生成文件：G:\msworkspace\tools\generateTool\trunk\src\main\java\com\msds\purchasing\mapper\YouhuiquanMapper.java
2018-11-06 11:50:54,307   INFO [CommonPageParser.java:65] - 生成文件：G:\msworkspace\tools\generateTool\trunk\src\main\java\com\msds\purchasing\service\YouhuiquanService.java
2018-11-06 11:50:54,312   INFO [CommonPageParser.java:65] - 生成文件：G:\msworkspace\tools\generateTool\trunk\src\main\java\com\msds\purchasing\service\impl\YouhuiquanServiceImpl.java
2018-11-06 11:50:54,337   INFO [CommonPageParser.java:65] - 生成文件：G:\msworkspace\tools\generateTool\trunk\src\main\java\com\msds\purchasing\mapper\YouhuiquanMapper.xml
2018-11-06 11:50:54,337   INFO [CodeGenerateFactory.java:89] - ----------------------------代码生成完毕---------------------------
2018-11-06 11:53:52,048   INFO [CommonPageParser.java:65] - 生成文件：G:\msworkspace\tools\generateTool\trunk\src\main\java\com\msds\purchasing\entity\YouhuiquanDetailEntity.java
2018-11-06 11:53:52,057   INFO [CommonPageParser.java:65] - 生成文件：G:\msworkspace\tools\generateTool\trunk\src\main\java\com\msds\purchasing\mapper\YouhuiquanDetailMapper.java
2018-11-06 11:53:52,061   INFO [CommonPageParser.java:65] - 生成文件：G:\msworkspace\tools\generateTool\trunk\src\main\java\com\msds\purchasing\service\YouhuiquanDetailService.java
2018-11-06 11:53:52,067   INFO [CommonPageParser.java:65] - 生成文件：G:\msworkspace\tools\generateTool\trunk\src\main\java\com\msds\purchasing\service\impl\YouhuiquanDetailServiceImpl.java
2018-11-06 11:53:52,131   INFO [CommonPageParser.java:65] - 生成文件：G:\msworkspace\tools\generateTool\trunk\src\main\java\com\msds\purchasing\mapper\YouhuiquanDetailMapper.xml
2018-11-06 11:53:52,131   INFO [CodeGenerateFactory.java:89] - ----------------------------代码生成完毕---------------------------
2018-11-06 12:00:19,018   INFO [CommonPageParser.java:65] - 生成文件：G:\msworkspace\tools\generateTool\trunk\src\main\java\com\msds\purchasing\entity\YouhuiquanEntity.java
2018-11-06 12:00:19,023   INFO [CommonPageParser.java:65] - 生成文件：G:\msworkspace\tools\generateTool\trunk\src\main\java\com\msds\purchasing\mapper\YouhuiquanMapper.java
2018-11-06 12:00:19,027   INFO [CommonPageParser.java:65] - 生成文件：G:\msworkspace\tools\generateTool\trunk\src\main\java\com\msds\purchasing\service\YouhuiquanService.java
2018-11-06 12:00:19,032   INFO [CommonPageParser.java:65] - 生成文件：G:\msworkspace\tools\generateTool\trunk\src\main\java\com\msds\purchasing\service\impl\YouhuiquanServiceImpl.java
2018-11-06 12:00:19,052   INFO [CommonPageParser.java:65] - 生成文件：G:\msworkspace\tools\generateTool\trunk\src\main\java\com\msds\purchasing\mapper\YouhuiquanMapper.xml
2018-11-06 12:00:19,052   INFO [CodeGenerateFactory.java:89] - ----------------------------代码生成完毕---------------------------
2018-11-06 15:38:46,965   INFO [CommonPageParser.java:65] - 生成文件：G:\msworkspace\tools\generateTool\trunk\src\main\java\com\msds\purchasing\entity\ActivityLipinLogEntity.java
2018-11-06 15:38:46,971   INFO [CommonPageParser.java:65] - 生成文件：G:\msworkspace\tools\generateTool\trunk\src\main\java\com\msds\purchasing\mapper\ActivityLipinLogMapper.java
2018-11-06 15:38:46,974   INFO [CommonPageParser.java:65] - 生成文件：G:\msworkspace\tools\generateTool\trunk\src\main\java\com\msds\purchasing\service\ActivityLipinLogService.java
2018-11-06 15:38:46,982   INFO [CommonPageParser.java:65] - 生成文件：G:\msworkspace\tools\generateTool\trunk\src\main\java\com\msds\purchasing\service\impl\ActivityLipinLogServiceImpl.java
2018-11-06 15:38:47,021   INFO [CommonPageParser.java:65] - 生成文件：G:\msworkspace\tools\generateTool\trunk\src\main\java\com\msds\purchasing\mapper\ActivityLipinLogMapper.xml
2018-11-06 15:38:47,021   INFO [CodeGenerateFactory.java:89] - ----------------------------代码生成完毕---------------------------
2018-11-07 15:24:34,317   INFO [CommonPageParser.java:65] - 生成文件：G:\msworkspace\tools\generateTool\trunk\src\main\java\com\msds\purchasing\entity\ActivityEquitiesOrderCardEntity.java
2018-11-07 15:24:34,324   INFO [CommonPageParser.java:65] - 生成文件：G:\msworkspace\tools\generateTool\trunk\src\main\java\com\msds\purchasing\mapper\ActivityEquitiesOrderCardMapper.java
2018-11-07 15:24:34,330   INFO [CommonPageParser.java:65] - 生成文件：G:\msworkspace\tools\generateTool\trunk\src\main\java\com\msds\purchasing\service\ActivityEquitiesOrderCardService.java
2018-11-07 15:24:34,336   INFO [CommonPageParser.java:65] - 生成文件：G:\msworkspace\tools\generateTool\trunk\src\main\java\com\msds\purchasing\service\impl\ActivityEquitiesOrderCardServiceImpl.java
2018-11-07 15:24:34,358   INFO [CommonPageParser.java:65] - 生成文件：G:\msworkspace\tools\generateTool\trunk\src\main\java\com\msds\purchasing\mapper\ActivityEquitiesOrderCardMapper.xml
2018-11-07 15:24:34,359   INFO [CodeGenerateFactory.java:89] - ----------------------------代码生成完毕---------------------------
2018-11-19 16:08:19,064   INFO [CommonPageParser.java:65] - 生成文件：G:\msworkspace\tools\generateTool\trunk\src\main\java\com\msds\purchasing\entity\ActivityConfigEntity.java
2018-11-19 16:08:19,088   INFO [CommonPageParser.java:65] - 生成文件：G:\msworkspace\tools\generateTool\trunk\src\main\java\com\msds\purchasing\mapper\ActivityConfigMapper.java
2018-11-19 16:08:19,090   INFO [CommonPageParser.java:65] - 生成文件：G:\msworkspace\tools\generateTool\trunk\src\main\java\com\msds\purchasing\service\ActivityConfigService.java
2018-11-19 16:08:19,094   INFO [CommonPageParser.java:65] - 生成文件：G:\msworkspace\tools\generateTool\trunk\src\main\java\com\msds\purchasing\service\impl\ActivityConfigServiceImpl.java
2018-11-19 16:08:19,127   INFO [CommonPageParser.java:65] - 生成文件：G:\msworkspace\tools\generateTool\trunk\src\main\java\com\msds\purchasing\mapper\ActivityConfigMapper.xml
2018-11-19 16:08:19,128   INFO [CodeGenerateFactory.java:89] - ----------------------------代码生成完毕---------------------------
